platform/qcom/Monster_Camera/app/build/outputs/logs/manifest-merger-debug-report.txt
-- Merging decision tree log ---
manifest
ADDED from src/main/AndroidManifest.xml:3:1-215:12
	package
		ADDED from src/main/AndroidManifest.xml:5:5-29
		INJECTED from src/main/AndroidManifest.xml
		INJECTED from src/main/AndroidManifest.xml
	android:versionName
		INJECTED from src/main/AndroidManifest.xml
		INJECTED from src/main/AndroidManifest.xml
	xmlns:android
		ADDED from src/main/AndroidManifest.xml:4:5-63
	android:versionCode
		INJECTED from src/main/AndroidManifest.xml
		INJECTED from src/main/AndroidManifest.xml
uses-sdk
ADDED from src/main/AndroidManifest.xml:7:5-9:41
MERGED from [com.android.support:support-v4:23.0.0] AndroidManifest.xml:20:5-43
MERGED from [com.android.support:design:23.0.0] AndroidManifest.xml:20:5-43
MERGED from [com.android.support:appcompat-v7:23.0.0] AndroidManifest.xml:20:5-43
MERGED from [com.android.support:support-v4:23.0.0] AndroidManifest.xml:20:5-43
MERGED from [com.android.support:support-v4:23.0.0] AndroidManifest.xml:20:5-43
	android:targetSdkVersion
		ADDED from src/main/AndroidManifest.xml:9:9-38
		INJECTED from src/main/AndroidManifest.xml
		INJECTED from src/main/AndroidManifest.xml
	android:minSdkVersion
		ADDED from src/main/AndroidManifest.xml:8:9-35
		INJECTED from src/main/AndroidManifest.xml
		INJECTED from src/main/AndroidManifest.xml
uses-permission#android.permission.ACCESS_COARSE_LOCATION
ADDED from src/main/AndroidManifest.xml:11:5-81
	android:name
		ADDED from src/main/AndroidManifest.xml:11:22-78
uses-permission#android.permission.ACCESS_FINE_LOCATION
ADDED from src/main/AndroidManifest.xml:12:5-79
	android:name
		ADDED from src/main/AndroidManifest.xml:12:22-76
uses-permission#android.permission.ACCESS_NETWORK_STATE
ADDED from src/main/AndroidManifest.xml:13:5-79
	android:name
		ADDED from src/main/AndroidManifest.xml:13:22-76
uses-permission#android.permission.ACCESS_WIFI_STATE
ADDED from src/main/AndroidManifest.xml:14:5-76
	android:name
		ADDED from src/main/AndroidManifest.xml:14:22-73
uses-permission#android.permission.CAMERA
ADDED from src/main/AndroidManifest.xml:16:5-65
	android:name
		ADDED from src/main/AndroidManifest.xml:16:22-62
uses-permission#android.permission.CHANGE_WIFI_STATE
ADDED from src/main/AndroidManifest.xml:17:5-76
	android:name
		ADDED from src/main/AndroidManifest.xml:17:22-73
uses-permission#android.permission.INTERNET
ADDED from src/main/AndroidManifest.xml:19:5-67
	android:name
		ADDED from src/main/AndroidManifest.xml:19:22-64
uses-permission#android.permission.NFC
ADDED from src/main/AndroidManifest.xml:21:5-62
	android:name
		ADDED from src/main/AndroidManifest.xml:21:22-59
uses-permission#android.permission.READ_SYNC_SETTINGS
ADDED from src/main/AndroidManifest.xml:23:5-77
	android:name
		ADDED from src/main/AndroidManifest.xml:23:22-74
uses-permission#android.permission.RECEIVE_BOOT_COMPLETED
ADDED from src/main/AndroidManifest.xml:24:5-81
	android:name
		ADDED from src/main/AndroidManifest.xml:24:22-78
uses-permission#android.permission.RECORD_AUDIO
ADDED from src/main/AndroidManifest.xml:25:5-71
	android:name
		ADDED from src/main/AndroidManifest.xml:25:22-68
uses-permission#android.permission.SET_WALLPAPER
ADDED from src/main/AndroidManifest.xml:26:5-72
	android:name
		ADDED from src/main/AndroidManifest.xml:26:22-69
uses-permission#android.permission.VIBRATE
ADDED from src/main/AndroidManifest.xml:30:5-66
	android:name
		ADDED from src/main/AndroidManifest.xml:30:22-63
uses-permission#android.permission.WAKE_LOCK
ADDED from src/main/AndroidManifest.xml:31:5-68
	android:name
		ADDED from src/main/AndroidManifest.xml:31:22-65
uses-permission#android.permission.READ_EXTERNAL_STORAGE
ADDED from src/main/AndroidManifest.xml:32:5-80
	android:name
		ADDED from src/main/AndroidManifest.xml:32:22-77
uses-permission#android.permission.WRITE_EXTERNAL_STORAGE
ADDED from src/main/AndroidManifest.xml:33:5-81
	android:name
		ADDED from src/main/AndroidManifest.xml:33:22-78
uses-permission#android.permission.WRITE_SETTINGS
ADDED from src/main/AndroidManifest.xml:34:5-73
	android:name
		ADDED from src/main/AndroidManifest.xml:34:22-70
uses-permission#android.permission.WRITE_SYNC_SETTINGS
ADDED from src/main/AndroidManifest.xml:35:5-78
	android:name
		ADDED from src/main/AndroidManifest.xml:35:22-75
uses-permission#android.permission.WRITE_SECURE_SETTINGS
ADDED from src/main/AndroidManifest.xml:36:5-80
	android:name
		ADDED from src/main/AndroidManifest.xml:36:22-77
uses-permission#android.permission.WRITE_MEDIA_STORAGE
ADDED from src/main/AndroidManifest.xml:37:5-78
	android:name
		ADDED from src/main/AndroidManifest.xml:37:22-75
uses-permission#android.permission.DISABLE_KEYGUARD
ADDED from src/main/AndroidManifest.xml:38:5-75
	android:name
		ADDED from src/main/AndroidManifest.xml:38:22-72
uses-permission#android.permission.REAL_GET_TASKS
ADDED from src/main/AndroidManifest.xml:39:5-73
	android:name
		ADDED from src/main/AndroidManifest.xml:39:22-70
uses-permission#android.permission.STOP_APP_SWITCHES
ADDED from src/main/AndroidManifest.xml:40:5-76
	android:name
		ADDED from src/main/AndroidManifest.xml:40:22-73
supports-screens
ADDED from src/main/AndroidManifest.xml:43:5-47:40
	android:largeScreens
		ADDED from src/main/AndroidManifest.xml:45:9-36
	android:smallScreens
		ADDED from src/main/AndroidManifest.xml:47:9-37
	android:normalScreens
		ADDED from src/main/AndroidManifest.xml:46:9-37
	android:anyDensity
		ADDED from src/main/AndroidManifest.xml:44:9-34
application
ADDED from src/main/AndroidManifest.xml:49:5-213:19
MERGED from [com.android.support:support-v4:23.0.0] AndroidManifest.xml:22:5-20
MERGED from [com.android.support:design:23.0.0] AndroidManifest.xml:22:5-20
MERGED from [com.android.support:appcompat-v7:23.0.0] AndroidManifest.xml:22:5-20
MERGED from [com.android.support:support-v4:23.0.0] AndroidManifest.xml:22:5-20
MERGED from [com.android.support:support-v4:23.0.0] AndroidManifest.xml:22:5-20
	android:label
		ADDED from src/main/AndroidManifest.xml:53:9-41
	android:supportsRtl
		ADDED from src/main/AndroidManifest.xml:56:9-35
	android:hardwareAccelerated
		ADDED from src/main/AndroidManifest.xml:51:9-43
	android:resizeableActivity
		ADDED from src/main/AndroidManifest.xml:57:9-43
	android:icon
		ADDED from src/main/AndroidManifest.xml:52:9-58
	android:largeHeap
		ADDED from src/main/AndroidManifest.xml:54:9-33
	android:restoreAnyVersion
		ADDED from src/main/AndroidManifest.xml:55:9-41
	android:theme
		ADDED from src/main/AndroidManifest.xml:58:9-44
	android:name
		ADDED from src/main/AndroidManifest.xml:50:9-56
activity#com.android.camera.CameraActivity
ADDED from src/main/AndroidManifest.xml:59:9-89:20
	android:clearTaskOnLaunch
		ADDED from src/main/AndroidManifest.xml:61:13-45
	android:screenOrientation
		ADDED from src/main/AndroidManifest.xml:64:13-49
	android:label
		ADDED from src/main/AndroidManifest.xml:63:13-45
	android:launchMode
		ADDED from src/main/AndroidManifest.xml:65:13-44
	android:windowSoftInputMode
		ADDED from src/main/AndroidManifest.xml:68:13-70
	android:configChanges
		ADDED from src/main/AndroidManifest.xml:62:13-74
	android:theme
		ADDED from src/main/AndroidManifest.xml:67:13-48
	android:taskAffinity
		ADDED from src/main/AndroidManifest.xml:66:13-69
	android:name
		ADDED from src/main/AndroidManifest.xml:60:13-61
intent-filter#android.intent.category.DEFAULT+android.media.action.STILL_IMAGE_CAMERA
ADDED from src/main/AndroidManifest.xml:69:13-72:29
action#android.media.action.STILL_IMAGE_CAMERA
ADDED from src/main/AndroidManifest.xml:70:17-82
	android:name
		ADDED from src/main/AndroidManifest.xml:70:25-79
category#android.intent.category.DEFAULT
ADDED from src/main/AndroidManifest.xml:71:17-76
	android:name
		ADDED from src/main/AndroidManifest.xml:71:27-73
intent-filter#android.intent.action.MAIN+android.intent.category.DEFAULT
ADDED from src/main/AndroidManifest.xml:73:13-76:29
action#android.intent.action.MAIN
ADDED from src/main/AndroidManifest.xml:74:17-69
	android:name
		ADDED from src/main/AndroidManifest.xml:74:25-66
intent-filter#android.intent.category.DEFAULT+com.tct.camera.STARTFRONTCAMERA
ADDED from src/main/AndroidManifest.xml:77:13-80:29
action#com.tct.camera.STARTFRONTCAMERA
ADDED from src/main/AndroidManifest.xml:78:17-73
	android:name
		ADDED from src/main/AndroidManifest.xml:78:25-71
intent-filter#android.intent.category.DEFAULT+com.tct.camera.STARTFYUSE
ADDED from src/main/AndroidManifest.xml:81:13-84:29
action#com.tct.camera.STARTFYUSE
ADDED from src/main/AndroidManifest.xml:82:17-67
	android:name
		ADDED from src/main/AndroidManifest.xml:82:25-65
meta-data#com.android.keyguard.layout
ADDED from src/main/AndroidManifest.xml:86:13-88:62
	android:resource
		ADDED from src/main/AndroidManifest.xml:88:17-59
	android:name
		ADDED from src/main/AndroidManifest.xml:87:17-59
activity-alias#com.android.camera.CameraLauncher
ADDED from src/main/AndroidManifest.xml:91:9-101:26
	android:label
		ADDED from src/main/AndroidManifest.xml:93:13-45
	android:targetActivity
		ADDED from src/main/AndroidManifest.xml:94:13-71
	android:name
		ADDED from src/main/AndroidManifest.xml:92:13-61
intent-filter#android.intent.action.MAIN+android.intent.category.DEFAULT+android.intent.category.LAUNCHER
ADDED from src/main/AndroidManifest.xml:95:13-100:29
category#android.intent.category.LAUNCHER
ADDED from src/main/AndroidManifest.xml:99:17-77
	android:name
		ADDED from src/main/AndroidManifest.xml:99:27-74
activity#com.android.camera.CaptureActivity
ADDED from src/main/AndroidManifest.xml:103:9-114:20
	android:screenOrientation
		ADDED from src/main/AndroidManifest.xml:107:13-49
	android:label
		ADDED from src/main/AndroidManifest.xml:105:13-45
	android:windowSoftInputMode
		ADDED from src/main/AndroidManifest.xml:109:13-70
	android:configChanges
		ADDED from src/main/AndroidManifest.xml:108:13-74
	android:theme
		ADDED from src/main/AndroidManifest.xml:106:13-48
	android:name
		ADDED from src/main/AndroidManifest.xml:104:13-62
intent-filter#android.intent.category.DEFAULT+android.media.action.IMAGE_CAPTURE
ADDED from src/main/AndroidManifest.xml:110:13-113:29
action#android.media.action.IMAGE_CAPTURE
ADDED from src/main/AndroidManifest.xml:111:17-77
	android:name
		ADDED from src/main/AndroidManifest.xml:111:25-74
activity-alias#com.android.camera.VideoCamera
ADDED from src/main/AndroidManifest.xml:117:9-133:26
	android:label
		ADDED from src/main/AndroidManifest.xml:119:13-55
	android:targetActivity
		ADDED from src/main/AndroidManifest.xml:120:13-72
	android:name
		ADDED from src/main/AndroidManifest.xml:118:13-58
intent-filter#android.intent.category.DEFAULT+android.media.action.VIDEO_CAMERA
ADDED from src/main/AndroidManifest.xml:121:13-124:29
action#android.media.action.VIDEO_CAMERA
ADDED from src/main/AndroidManifest.xml:122:17-76
	android:name
		ADDED from src/main/AndroidManifest.xml:122:25-73
intent-filter#android.intent.category.DEFAULT+android.media.action.VIDEO_CAPTURE
ADDED from src/main/AndroidManifest.xml:125:13-128:29
action#android.media.action.VIDEO_CAPTURE
ADDED from src/main/AndroidManifest.xml:126:17-77
	android:name
		ADDED from src/main/AndroidManifest.xml:126:25-74
intent-filter#android.intent.category.DEFAULT+com.android.contacts.MST_SCAN_BUSINESSCARD_ACTION
ADDED from src/main/AndroidManifest.xml:129:13-132:29
action#com.android.contacts.MST_SCAN_BUSINESSCARD_ACTION
ADDED from src/main/AndroidManifest.xml:130:17-91
	android:name
		ADDED from src/main/AndroidManifest.xml:130:25-89
activity#com.android.camera.SecureCameraActivity
ADDED from src/main/AndroidManifest.xml:135:9-160:20
	android:clearTaskOnLaunch
		ADDED from src/main/AndroidManifest.xml:137:13-45
	android:screenOrientation
		ADDED from src/main/AndroidManifest.xml:140:13-49
	android:label
		ADDED from src/main/AndroidManifest.xml:141:13-45
	android:excludeFromRecents
		ADDED from src/main/AndroidManifest.xml:139:13-46
	android:launchMode
		ADDED from src/main/AndroidManifest.xml:142:13-44
	android:windowSoftInputMode
		ADDED from src/main/AndroidManifest.xml:145:13-70
	android:configChanges
		ADDED from src/main/AndroidManifest.xml:138:13-74
	android:theme
		ADDED from src/main/AndroidManifest.xml:144:13-48
	android:taskAffinity
		ADDED from src/main/AndroidManifest.xml:143:13-75
	android:name
		ADDED from src/main/AndroidManifest.xml:136:13-67
intent-filter#android.intent.category.DEFAULT+android.media.action.STILL_IMAGE_CAMERA_SECURE
ADDED from src/main/AndroidManifest.xml:146:13-150:29
action#android.media.action.STILL_IMAGE_CAMERA_SECURE
ADDED from src/main/AndroidManifest.xml:147:17-89
	android:name
		ADDED from src/main/AndroidManifest.xml:147:25-86
intent-filter#android.intent.category.DEFAULT+android.media.action.IMAGE_CAPTURE_SECURE
ADDED from src/main/AndroidManifest.xml:151:13-155:29
action#android.media.action.IMAGE_CAPTURE_SECURE
ADDED from src/main/AndroidManifest.xml:152:17-84
	android:name
		ADDED from src/main/AndroidManifest.xml:152:25-81
activity#com.android.camera.settings.CameraSettingsActivity
ADDED from src/main/AndroidManifest.xml:162:9-167:20
	android:label
		ADDED from src/main/AndroidManifest.xml:164:13-50
	android:configChanges
		ADDED from src/main/AndroidManifest.xml:166:13-74
	android:theme
		ADDED from src/main/AndroidManifest.xml:165:13-66
	android:name
		ADDED from src/main/AndroidManifest.xml:163:13-78
activity#com.android.camera.rapidcapture.RapidViewImageActivity
ADDED from src/main/AndroidManifest.xml:168:9-175:20
	android:label
		ADDED from src/main/AndroidManifest.xml:174:13-45
	android:parentActivityName
		ADDED from src/main/AndroidManifest.xml:171:13-75
	android:excludeFromRecents
		ADDED from src/main/AndroidManifest.xml:173:13-46
	android:noHistory
		ADDED from src/main/AndroidManifest.xml:170:13-37
	android:configChanges
		ADDED from src/main/AndroidManifest.xml:172:13-74
	android:name
		ADDED from src/main/AndroidManifest.xml:169:13-82
receiver#com.android.camera.DisableCameraReceiver
ADDED from src/main/AndroidManifest.xml:176:3-180:20
	android:name
		ADDED from src/main/AndroidManifest.xml:176:13-68
intent-filter#android.intent.action.BOOT_COMPLETED
ADDED from src/main/AndroidManifest.xml:177:13-179:29
action#android.intent.action.BOOT_COMPLETED
ADDED from src/main/AndroidManifest.xml:178:17-79
	android:name
		ADDED from src/main/AndroidManifest.xml:178:25-76
service#com.android.camera.rapidcapture.RapidCaptureService
ADDED from src/main/AndroidManifest.xml:181:9-183:19
	android:exported
		ADDED from src/main/AndroidManifest.xml:182:9-32
	android:name
		ADDED from src/main/AndroidManifest.xml:181:18-84
activity#com.android.camera.TizrShareVideoActivity
ADDED from src/main/AndroidManifest.xml:185:9-190:20
	android:screenOrientation
		ADDED from src/main/AndroidManifest.xml:189:13-49
	android:label
		ADDED from src/main/AndroidManifest.xml:187:13-68
	android:theme
		ADDED from src/main/AndroidManifest.xml:188:13-58
	android:name
		ADDED from src/main/AndroidManifest.xml:186:13-69
activity#com.android.camera.permission.PermissionActivity
ADDED from src/main/AndroidManifest.xml:192:9-200:20
	android:screenOrientation
		ADDED from src/main/AndroidManifest.xml:196:13-49
	android:label
		ADDED from src/main/AndroidManifest.xml:194:13-55
	android:excludeFromRecents
		ADDED from src/main/AndroidManifest.xml:197:13-46
	android:launchMode
		ADDED from src/main/AndroidManifest.xml:198:13-44
	android:configChanges
		ADDED from src/main/AndroidManifest.xml:199:13-74
	android:theme
		ADDED from src/main/AndroidManifest.xml:195:13-48
	android:name
		ADDED from src/main/AndroidManifest.xml:193:13-76
activity#com.android.camera.instantcapture.InstantViewImageActivity
ADDED from src/main/AndroidManifest.xml:202:9-209:60
	android:screenOrientation
		ADDED from src/main/AndroidManifest.xml:207:13-45
	android:excludeFromRecents
		ADDED from src/main/AndroidManifest.xml:205:13-46
	android:launchMode
		ADDED from src/main/AndroidManifest.xml:206:13-48
	android:configChanges
		ADDED from src/main/AndroidManifest.xml:204:13-74
	android:theme
		ADDED from src/main/AndroidManifest.xml:209:13-48
	android:taskAffinity
		ADDED from src/main/AndroidManifest.xml:208:13-69
	android:name
		ADDED from src/main/AndroidManifest.xml:203:13-86
service#com.android.camera.instantcapture.InstantCaptureService
ADDED from src/main/AndroidManifest.xml:210:9-212:47
	android:exported
		ADDED from src/main/AndroidManifest.xml:212:13-36
	android:name
		ADDED from src/main/AndroidManifest.xml:211:13-83